[2024-10-17] [17:46:48] : Program Setup Save
[2024-10-17] [17:46:55] : Program End
[2024-10-17] [17:46:55] : DB Disconnect Success
[2024-10-17] [17:47:20] : Comport Setup Load
[2024-10-17] [17:47:20] : Load Model : 45821-4G100
[2024-10-17] [17:47:20] : Program Start
[2024-10-17] [17:47:20] : Thread Initialized success
[2024-10-17] [17:47:20] : Calibration Initialized success
[2024-10-17] [17:47:24] : Plc Initialized success
[2024-10-17] [17:47:27] : Display : Model Setup
[2024-10-17] [17:47:30] : Load Model : 45821-4G100
[2024-10-17] [17:47:58] : Program End
[2024-10-17] [17:47:58] : DB Disconnect Success
[2024-10-17] [17:50:40] : Comport Setup Load
[2024-10-17] [17:50:40] : Load Model : Test
[2024-10-17] [17:50:40] : Program Start
[2024-10-17] [17:50:40] : Thread Initialized success
[2024-10-17] [17:50:40] : Calibration Initialized success
[2024-10-17] [17:50:42] : Plc Initialized success
[2024-10-17] [17:51:16] : Program End
[2024-10-17] [17:51:16] : DB Disconnect Success
[2024-10-17] [17:51:29] : Comport Setup Load
[2024-10-17] [17:51:29] : Load Model : Test
[2024-10-17] [17:51:29] : Program Start
[2024-10-17] [17:51:29] : Thread Initialized success
[2024-10-17] [17:51:29] : Calibration Initialized success
[2024-10-17] [17:51:35] : Plc Initialized success
[2024-10-17] [17:55:17] : Display : Model Setup
[2024-10-17] [17:55:26] : Load Model : Test
[2024-10-17] [17:58:46] : DB Data Save Fail
[2024-10-17] [17:58:46] : INSERT INTO LAON.dataTABLE (MODEL, DATETIME, GFLAG, MC1, MC2, MARK, DATA1, DATA2, DATA3, DATA4, DATA5, DATA6, DATA7) VALUES ( 'Test', '2024-10-17 17:55:32', 'NG', '101', '201', '', '42.476', '112.176', '110.086', '1.100', '57.652', '2.500', '10.414') 
[2024-10-17] [17:58:46] : Auto Sig:1, Sensing Count:10
[2024-10-17] [17:59:13] : DB Data Search Fail
[2024-10-17] [17:59:13] : select MODEL, DATETIME, GFLAG, MC1, MC2, MARK, DATA1, DATA2, DATA3, DATA4, DATA5, DATA6, DATA7, DATA8 from LAON.dataTABLE where date(datetime) between '2024-10-17' AND '2024-10-17' AND MODEL = '4G100' 
[2024-10-17] [17:59:15] : Program End
[2024-10-17] [17:59:15] : DB Disconnect Success
[2024-10-17] [18:00:00] : Comport Setup Load
[2024-10-17] [18:00:00] : Load Model : Test
[2024-10-17] [18:00:00] : Program Start
[2024-10-17] [18:00:00] : Thread Initialized success
[2024-10-17] [18:00:00] : Calibration Initialized success
[2024-10-17] [18:00:20] : Plc Initialized success
[2024-10-17] [18:01:44] : DB Data Save Fail
[2024-10-17] [18:01:44] : INSERT INTO LAON.dataTABLE (MODEL, DATETIME, GFLAG, MC1, MC2, MARK, DATA1, DATA2, DATA3, DATA4, DATA5, DATA6, DATA7) VALUES ( 'Test', '2024-10-17 18:00:37', 'NG', '101', '201', '', '42.476', '112.176', '110.086', '1.100', '57.652', '2.500', '10.414') 
[2024-10-17] [18:01:44] : Auto Sig:1, Sensing Count:10
[2024-10-17] [18:08:31] : DB Data Save Fail
[2024-10-17] [18:08:31] : INSERT INTO LAON.dataTABLE (MODEL, DATETIME, GFLAG, MC1, MC2, MARK, DATA1, DATA2, DATA3, DATA4, DATA5, DATA6, DATA7) VALUES ( 'Test', '2024-10-17 18:01:48', 'NG', '101', '201', 1'', '42.076', '112.276', '110.386', '1.200', '56.452', '1.600', '10.414') 
[2024-10-17] [18:08:31] : Auto Sig:1, Sensing Count:10
[2024-10-17] [18:10:11] : Program End
[2024-10-17] [18:10:11] : DB Disconnect Success
[2024-10-17] [18:35:52] : Comport Setup Load
[2024-10-17] [18:35:52] : Load Model : Test
[2024-10-17] [18:35:52] : Program Start
[2024-10-17] [18:35:52] : Thread Initialized success
[2024-10-17] [18:35:52] : Calibration Initialized success
[2024-10-17] [18:35:59] : Plc Initialized success
[2024-10-17] [18:36:08] : Display : Model Setup
[2024-10-17] [18:36:24] : Load Model : 12345
[2024-10-17] [18:36:27] : Load Model : 12345
[2024-10-17] [18:37:29] : DB Data Save Fail
[2024-10-17] [18:37:29] : INSERT INTO LAON.dataTABLE (MODEL, DATETIME, GFLAG, MC1, MC2, DATA1, DATA2, DATA3, DATA4, DATA5, DATA6, DATA7) VALUES ( '12345', '2024-10-17 18:36:39', 'NG', '101', '201', '', '42.476', '112.176', '110.086', '1.100', '57.652', '2.500', '10.414') 
[2024-10-17] [18:37:29] : Auto Sig:1, Sensing Count:10
[2024-10-17] [18:37:35] : Display : Model Setup
[2024-10-17] [18:37:49] : Load Model : 5G200
[2024-10-17] [18:37:53] : Load Model : 5G200
[2024-10-17] [18:40:01] : DB Data Save Fail
[2024-10-17] [18:40:01] : INSERT INTO LAON.dataTABLE (MODEL, DATETIME, GFLAG, MC1, MC2, DATA1, DATA2, DATA3, DATA4, DATA5, DATA6, DATA7) VALUES ( '5G200', '2024-10-17 18:39:00', 'NG', '101', '201', '', '42.076', '112.276', '110.386', '1.200', '56.452', '1.600', '10.414') 
[2024-10-17] [18:40:01] : Auto Sig:1, Sensing Count:10
[2024-10-17] [18:40:03] : Program End
[2024-10-17] [18:40:03] : DB Disconnect Success
[2024-10-17] [18:40:56] : Comport Setup Load
[2024-10-17] [18:40:56] : Load Model : 5G200
[2024-10-17] [18:40:56] : Program Start
[2024-10-17] [18:40:56] : Thread Initialized success
[2024-10-17] [18:40:56] : Calibration Initialized success
[2024-10-17] [18:41:02] : Plc Initialized success
[2024-10-17] [18:45:29] : DB Data Save Fail
[2024-10-17] [18:45:29] : INSERT INTO LAON.dataTABLE (MODEL, DATETIME, GFLAG, MC1, MC2, DATA1, DATA2, DATA3, DATA4, DATA5, DATA6, DATA7) VALUES ( '5G200', '2024-10-17 18:41:10', 'NG', '101', '201', '', '42.476', '112.176', '110.086', '1.100', '57.652', '2.500', '10.414') 
[2024-10-17] [18:45:29] : Auto Sig:1, Sensing Count:10
[2024-10-17] [18:46:38] : DB Data Save Fail
[2024-10-17] [18:46:38] : INSERT INTO LAON.dataTABLE (MODEL, DATETIME, GFLAG, MC1, MC2, DATA1, DATA2, DATA3, DATA4, DATA5, DATA6, DATA7) VALUES ( '5G200', '2024-10-17 18:45:33', 'NG', '101', '201', '', '42.076', '112.276', '110.386', '1.200', '56.452', '1.600', '10.414') 
[2024-10-17] [18:46:38] : Auto Sig:1, Sensing Count:10
[2024-10-17] [18:47:06] : DB Data Search Fail
[2024-10-17] [18:47:06] : select MODEL, DATETIME, GFLAG, MC1, MC2, DATA1, DATA2, DATA3, DATA4, DATA5, DATA6, DATA7 from LAON.dataTABLE where date(datetime) between '2024-10-17' AND '2024-10-17' AND MODEL = '4G100' 
[2024-10-17] [18:52:40] : Comport Setup Load
[2024-10-17] [18:52:40] : Load Model : 5G200
[2024-10-17] [18:52:40] : Program Start
[2024-10-17] [18:52:40] : Thread Initialized success
[2024-10-17] [18:52:40] : Calibration Initialized success
[2024-10-17] [18:52:47] : Plc Initialized success
[2024-10-17] [18:54:14] : Comport Setup Load
[2024-10-17] [18:54:14] : Load Model : 5G200
[2024-10-17] [18:54:14] : Program Start
[2024-10-17] [18:54:14] : Thread Initialized success
[2024-10-17] [18:54:14] : Calibration Initialized success
[2024-10-17] [18:54:22] : Plc Initialized success
[2024-10-17] [18:56:52] : DB Data Save Fail
[2024-10-17] [18:56:52] : INSERT INTO LAON.dataTABLE (MODEL, DATETIME, GFLAG, MC1, MC2, DATA1, DATA2, DATA3, DATA4, DATA5, DATA6, DATA7) VALUES ( '5G200', '2024-10-17 18:54:29', 'NG', '101', '201', '', '42.476', '112.176', '110.086', '1.100', '57.652', '2.500', '10.414') 
[2024-10-17] [18:56:52] : Auto Sig:1, Sensing Count:10
[2024-10-17] [18:57:26] : Program End
[2024-10-17] [18:57:26] : DB Disconnect Success
[2024-10-17] [19:08:36] : Comport Setup Load
[2024-10-17] [19:08:36] : Load Model : 5G200
[2024-10-17] [19:08:36] : Program Start
[2024-10-17] [19:08:36] : Thread Initialized success
[2024-10-17] [19:08:36] : Calibration Initialized success
[2024-10-17] [19:08:43] : Plc Initialized success
[2024-10-17] [19:12:03] : DB Data Save Fail
[2024-10-17] [19:12:03] : INSERT INTO LAON.dataTABLE (MODEL, DATETIME, GFLAG, MC1, MC2, DATA1, DATA2, DATA3, DATA4, DATA5, DATA6, DATA7) VALUES ( '5G200', '2024-10-17 19:08:51', 'NG', '101', '201', '42.476', '112.176', '110.086', '1.100', '57.652', '2.500', '10.414') 
[2024-10-17] [19:12:03] : Auto Sig:1, Sensing Count:10
[2024-10-17] [19:12:06] : Program End
[2024-10-17] [19:12:06] : DB Disconnect Success
[2024-10-17] [19:16:59] : Comport Setup Load
[2024-10-17] [19:16:59] : Load Model : 5G200
[2024-10-17] [19:16:59] : Program Start
[2024-10-17] [19:16:59] : Thread Initialized success
[2024-10-17] [19:16:59] : Calibration Initialized success
[2024-10-17] [19:17:08] : Plc Initialized success
[2024-10-17] [19:26:05] : DB Data Save Fail
[2024-10-17] [19:26:05] : INSERT INTO LAON.dataTABLE (MODEL, DATETIME, GFLAG, MC1, MC2, DATA1, DATA2, DATA3, DATA4, DATA5, DATA6, DATA7) VALUES ( '5G200', '2024-10-17 19:17:11', 'NG', '101', '201', '42.476', '112.176', '110.086', '1.100', '57.652', '2.500', '10.414') 
[2024-10-17] [19:26:05] : Auto Sig:1, Sensing Count:10
[2024-10-17] [19:26:07] : Program End
[2024-10-17] [19:26:07] : DB Disconnect Success
[2024-10-17] [19:26:13] : Comport Setup Load
[2024-10-17] [19:26:13] : Load Model : 5G200
[2024-10-17] [19:26:13] : Program Start
[2024-10-17] [19:26:13] : Thread Initialized success
[2024-10-17] [19:26:13] : Calibration Initialized success
[2024-10-17] [19:26:36] : Plc Initialized success
[2024-10-17] [19:26:54] : Program End
[2024-10-17] [19:26:54] : DB Disconnect Success
[2024-10-17] [19:38:32] : Comport Setup Load
[2024-10-17] [19:38:32] : Load Model : 5G200
[2024-10-17] [19:38:32] : Program Start
[2024-10-17] [19:38:32] : Thread Initialized success
[2024-10-17] [19:38:32] : Calibration Initialized success
[2024-10-17] [19:38:41] : Plc Initialized success
[2024-10-17] [19:39:53] : Comport Setup Load
[2024-10-17] [19:39:53] : Load Model : 5G200
[2024-10-17] [19:39:53] : Program Start
[2024-10-17] [19:39:53] : Thread Initialized success
[2024-10-17] [19:39:53] : Calibration Initialized success
[2024-10-17] [19:41:44] : Comport Setup Load
[2024-10-17] [19:41:44] : Load Model : 5G200
[2024-10-17] [19:41:44] : Program Start
[2024-10-17] [19:41:44] : Thread Initialized success
[2024-10-17] [19:41:44] : Calibration Initialized success
[2024-10-17] [19:41:51] : Plc Initialized success
[2024-10-17] [19:44:57] : DB Data Save Fail
[2024-10-17] [19:44:57] : INSERT INTO LAON.dataTABLE (MODEL, DATETIME, GFLAG, MC1, MC2, DATA1, DATA2, DATA3, DATA4, DATA5, DATA6, DATA7) VALUES ( '5G200', '2024-10-17 19:42:00', 'NG', '101', '201', '42.476', '112.176', '110.086', '1.100', '57.652', '2.500', '10.414') 
[2024-10-17] [19:44:57] : Auto Sig:1, Sensing Count:10
[2024-10-17] [19:45:27] : Program End
[2024-10-17] [19:45:27] : DB Disconnect Success
[2024-10-17] [19:50:21] : Comport Setup Load
[2024-10-17] [19:50:21] : Load Model : 5G200
[2024-10-17] [19:50:21] : Program Start
[2024-10-17] [19:50:21] : Thread Initialized success
[2024-10-17] [19:50:21] : Calibration Initialized success
[2024-10-17] [19:50:29] : Plc Initialized success
[2024-10-17] [19:52:55] : DB Data Save Fail
[2024-10-17] [19:52:55] : INSERT INTO LAON.dataTABLE (MODEL, DAY, GFLAG, MC1, MC2,DATA1, DATA2, DATA3, DATA4, DATA5, DATA6, DATA7) VALUES ( '5G200', '2024-10-17 19:51:35', 'NG', '101', '201', '42.476', '112.176', '110.086', '1.100', '57.652', '2.500', '10.414') 
[2024-10-17] [19:52:55] : Auto Sig:1, Sensing Count:10
[2024-10-17] [19:54:09] : Program End
[2024-10-17] [19:54:09] : DB Disconnect Success
[2024-10-17] [19:56:40] : Comport Setup Load
[2024-10-17] [19:56:40] : Load Model : 5G200
[2024-10-17] [19:56:40] : Program Start
[2024-10-17] [19:56:40] : Thread Initialized success
[2024-10-17] [19:56:40] : Calibration Initialized success
[2024-10-17] [19:56:50] : Plc Initialized success
[2024-10-17] [19:59:25] : DB Data Save Fail
[2024-10-17] [19:59:25] : INSERT INTO laon.datatable (MODEL, DAY, GFLAG, MC1, MC2,DATA1, DATA2, DATA3, DATA4, DATA5, DATA6, DATA7) VALUES ( '5G200', '2024-10-17 19:56:57', 'NG', '101', '201', '42.476', '112.176', '110.086', '1.100', '57.652', '2.500', '10.414') 
[2024-10-17] [19:59:25] : Auto Sig:1, Sensing Count:10
[2024-10-17] [20:00:07] : Program End
[2024-10-17] [20:00:07] : DB Disconnect Success
[2024-10-17] [20:08:52] : Comport Setup Load
[2024-10-17] [20:08:52] : Load Model : 5G200
[2024-10-17] [20:08:52] : Program Start
[2024-10-17] [20:08:52] : Thread Initialized success
[2024-10-17] [20:08:52] : Calibration Initialized success
[2024-10-17] [20:08:58] : Plc Initialized success
[2024-10-17] [20:09:13] : DB Connect Fail
[2024-10-17] [20:09:15] : Program End
[2024-10-17] [20:09:18] : DB Disconnect Fail
[2024-10-17] [20:10:05] : Comport Setup Load
[2024-10-17] [20:10:05] : Load Model : 5G200
[2024-10-17] [20:10:05] : Program Start
[2024-10-17] [20:10:05] : Thread Initialized success
[2024-10-17] [20:10:05] : Calibration Initialized success
[2024-10-17] [20:10:13] : Plc Initialized success
[2024-10-17] [20:11:48] : DB Data Save Fail
[2024-10-17] [20:11:48] : INSERT INTO laon.datatable (MODEL, DAY, GFLAG, MC1, MC2,DATA1, DATA2, DATA3, DATA4, DATA5, DATA6, DATA7) VALUES ( '5G200', '2024-10-17 20:10:21', 'NG', '101', '201', '42.476', '112.176', '110.086', '1.100', '57.652', '2.500', '10.414') 
[2024-10-17] [20:11:48] : Auto Sig:1, Sensing Count:10
[2024-10-17] [20:19:07] : Display : Model Setup
[2024-10-17] [20:35:00] : Load Model : 5G200
[2024-10-17] [20:35:06] : Program End
[2024-10-17] [20:35:06] : DB Disconnect Success
